# JRE version: OpenJDK Runtime Environment (17.0.11) (build 17.0.11+0--11852314)
# Java VM: OpenJDK 64-Bit Server VM (17.0.11+0--11852314, mixed mode, tiered, compressed oops, compressed class ptrs, g1 gc, windows-amd64)
GC Precious Log:
 CPUs: 4 total, 4 available
 Memory: 6020M
 Large Page Support: Disabled
 NUMA Support: Disabled
 Compressed Oops: Enabled (32-bit)
 Heap Region Size: 1M
 Heap Min Capacity: 8M
 Heap Initial Capacity: 96M
 Heap Max Capacity: 2G
 Pre-touch: Disabled
 Parallel Workers: 4
 Concurrent Workers: 1
 Concurrent Refinement Workers: 4
 Periodic GC: Disabled
Heap:
 garbage-first heap   total 183296K, used 111437K [0x0000000080000000, 0x0000000100000000)
  region size 1024K, 16 young (16384K), 2 survivors (2048K)
 Metaspace       used 71852K, committed 72576K, reserved 1114112K
  class space    used 9715K, committed 10048K, reserved 1048576K
GC Heap History (20 events):
Event: 11.836 GC heap before
{Heap before GC invocations=25 (full 0):
 garbage-first heap   total 104448K, used 85516K [0x0000000080000000, 0x0000000100000000)
  region size 1024K, 19 young (19456K), 1 survivors (1024K)
 Metaspace       used 53635K, committed 54208K, reserved 1114112K
  class space    used 7159K, committed 7424K, reserved 1048576K
}
Event: 11.838 GC heap after
{Heap after GC invocations=26 (full 0):
 garbage-first heap   total 104448K, used 67308K [0x0000000080000000, 0x0000000100000000)
  region size 1024K, 1 young (1024K), 1 survivors (1024K)
 Metaspace       used 53635K, committed 54208K, reserved 1114112K
  class space    used 7159K, committed 7424K, reserved 1048576K
}
Event: 12.520 GC heap before
{Heap before GC invocations=27 (full 0):
 garbage-first heap   total 116736K, used 85740K [0x0000000080000000, 0x0000000100000000)
  region size 1024K, 19 young (19456K), 1 survivors (1024K)
 Metaspace       used 55643K, committed 56256K, reserved 1114112K
  class space    used 7508K, committed 7808K, reserved 1048576K
}
Event: 12.523 GC heap after
{Heap after GC invocations=28 (full 0):
 garbage-first heap   total 116736K, used 68121K [0x0000000080000000, 0x0000000100000000)
  region size 1024K, 2 young (2048K), 2 survivors (2048K)
 Metaspace       used 55643K, committed 56256K, reserved 1114112K
  class space    used 7508K, committed 7808K, reserved 1048576K
}
Event: 12.621 GC heap before
{Heap before GC invocations=28 (full 0):
 garbage-first heap   total 116736K, used 71193K [0x0000000080000000, 0x0000000100000000)
  region size 1024K, 5 young (5120K), 2 survivors (2048K)
 Metaspace       used 56139K, committed 56704K, reserved 1114112K
  class space    used 7575K, committed 7808K, reserved 1048576K
}
Event: 12.624 GC heap after
{Heap after GC invocations=29 (full 0):
 garbage-first heap   total 116736K, used 68027K [0x0000000080000000, 0x0000000100000000)
  region size 1024K, 1 young (1024K), 1 survivors (1024K)
 Metaspace       used 56139K, committed 56704K, reserved 1114112K
  class space    used 7575K, committed 7808K, reserved 1048576K
}
Event: 13.307 GC heap before
{Heap before GC invocations=29 (full 0):
 garbage-first heap   total 116736K, used 92603K [0x0000000080000000, 0x0000000100000000)
  region size 1024K, 26 young (26624K), 1 survivors (1024K)
 Metaspace       used 58792K, committed 59392K, reserved 1114112K
  class space    used 8021K, committed 8256K, reserved 1048576K
}
Event: 13.313 GC heap after
{Heap after GC invocations=30 (full 0):
 garbage-first heap   total 116736K, used 69581K [0x0000000080000000, 0x0000000100000000)
  region size 1024K, 2 young (2048K), 2 survivors (2048K)
 Metaspace       used 58792K, committed 59392K, reserved 1114112K
  class space    used 8021K, committed 8256K, reserved 1048576K
}
Event: 14.155 GC heap before
{Heap before GC invocations=31 (full 0):
 garbage-first heap   total 121856K, used 95181K [0x0000000080000000, 0x0000000100000000)
  region size 1024K, 27 young (27648K), 2 survivors (2048K)
 Metaspace       used 61420K, committed 62016K, reserved 1114112K
  class space    used 8446K, committed 8704K, reserved 1048576K
}
Event: 14.161 GC heap after
{Heap after GC invocations=32 (full 0):
 garbage-first heap   total 121856K, used 71313K [0x0000000080000000, 0x0000000100000000)
  region size 1024K, 4 young (4096K), 4 survivors (4096K)
 Metaspace       used 61420K, committed 62016K, reserved 1114112K
  class space    used 8446K, committed 8704K, reserved 1048576K
}
Event: 14.219 GC heap before
{Heap before GC invocations=32 (full 0):
 garbage-first heap   total 121856K, used 72337K [0x0000000080000000, 0x0000000100000000)
  region size 1024K, 5 young (5120K), 4 survivors (4096K)
 Metaspace       used 61457K, committed 62080K, reserved 1114112K
  class space    used 8446K, committed 8704K, reserved 1048576K
}
Event: 14.226 GC heap after
{Heap after GC invocations=33 (full 0):
 garbage-first heap   total 121856K, used 71452K [0x0000000080000000, 0x0000000100000000)
  region size 1024K, 1 young (1024K), 1 survivors (1024K)
 Metaspace       used 61457K, committed 62080K, reserved 1114112K
  class space    used 8446K, committed 8704K, reserved 1048576K
}
Event: 16.257 GC heap before
{Heap before GC invocations=33 (full 0):
 garbage-first heap   total 121856K, used 98076K [0x0000000080000000, 0x0000000100000000)
  region size 1024K, 28 young (28672K), 1 survivors (1024K)
 Metaspace       used 62198K, committed 62848K, reserved 1114112K
  class space    used 8487K, committed 8768K, reserved 1048576K
}
Event: 16.264 GC heap after
{Heap after GC invocations=34 (full 0):
 garbage-first heap   total 183296K, used 73994K [0x0000000080000000, 0x0000000100000000)
  region size 1024K, 4 young (4096K), 4 survivors (4096K)
 Metaspace       used 62198K, committed 62848K, reserved 1114112K
  class space    used 8487K, committed 8768K, reserved 1048576K
}
Event: 18.510 GC heap before
{Heap before GC invocations=35 (full 0):
 garbage-first heap   total 183296K, used 149770K [0x0000000080000000, 0x0000000100000000)
  region size 1024K, 64 young (65536K), 4 survivors (4096K)
 Metaspace       used 65116K, committed 65792K, reserved 1114112K
  class space    used 8878K, committed 9152K, reserved 1048576K
}
Event: 18.521 GC heap after
{Heap after GC invocations=36 (full 0):
 garbage-first heap   total 183296K, used 96453K [0x0000000080000000, 0x0000000100000000)
  region size 1024K, 8 young (8192K), 8 survivors (8192K)
 Metaspace       used 65116K, committed 65792K, reserved 1114112K
  class space    used 8878K, committed 9152K, reserved 1048576K
}
Event: 18.540 GC heap before
{Heap before GC invocations=36 (full 0):
 garbage-first heap   total 183296K, used 97477K [0x0000000080000000, 0x0000000100000000)
  region size 1024K, 9 young (9216K), 8 survivors (8192K)
 Metaspace       used 65207K, committed 65920K, reserved 1114112K
  class space    used 8886K, committed 9216K, reserved 1048576K
}
Event: 18.546 GC heap after
{Heap after GC invocations=37 (full 0):
 garbage-first heap   total 183296K, used 97514K [0x0000000080000000, 0x0000000100000000)
  region size 1024K, 1 young (1024K), 1 survivors (1024K)
 Metaspace       used 65207K, committed 65920K, reserved 1114112K
  class space    used 8886K, committed 9216K, reserved 1048576K
}
Event: 19.699 GC heap before
{Heap before GC invocations=37 (full 0):
 garbage-first heap   total 183296K, used 143594K [0x0000000080000000, 0x0000000100000000)
  region size 1024K, 46 young (47104K), 1 survivors (1024K)
 Metaspace       used 69817K, committed 70528K, reserved 1114112K
  class space    used 9457K, committed 9792K, reserved 1048576K
}
Event: 19.702 GC heap after
{Heap after GC invocations=38 (full 0):
 garbage-first heap   total 183296K, used 98125K [0x0000000080000000, 0x0000000100000000)
  region size 1024K, 2 young (2048K), 2 survivors (2048K)
 Metaspace       used 69817K, committed 70528K, reserved 1114112K
  class space    used 9457K, committed 9792K, reserved 1048576K
}

