# JRE version: OpenJDK Runtime Environment (17.0.11) (build 17.0.11+0--11852314)
# Java VM: OpenJDK 64-Bit Server VM (17.0.11+0--11852314, mixed mode, tiered, compressed oops, compressed class ptrs, g1 gc, windows-amd64)
GC Precious Log:
 CPUs: 4 total, 4 available
 Memory: 6020M
 Large Page Support: Disabled
 NUMA Support: Disabled
 Compressed Oops: Enabled (32-bit)
 Heap Region Size: 1M
 Heap Min Capacity: 8M
 Heap Initial Capacity: 96M
 Heap Max Capacity: 2G
 Pre-touch: Disabled
 Parallel Workers: 4
 Concurrent Workers: 1
 Concurrent Refinement Workers: 4
 Periodic GC: Disabled
Heap:
 garbage-first heap   total 306176K, used 178272K [0x0000000080000000, 0x0000000100000000)
  region size 1024K, 7 young (7168K), 7 survivors (7168K)
 Metaspace       used 145377K, committed 146176K, reserved 1179648K
  class space    used 18652K, committed 19072K, reserved 1048576K
GC Heap History (20 events):
Event: 44.137 GC heap after
{Heap after GC invocations=71 (full 0):
 garbage-first heap   total 294912K, used 97407K [0x0000000080000000, 0x0000000100000000)
  region size 1024K, 7 young (7168K), 7 survivors (7168K)
 Metaspace       used 94938K, committed 95616K, reserved 1179648K
  class space    used 13069K, committed 13376K, reserved 1048576K
}
Event: 46.280 GC heap before
{Heap before GC invocations=72 (full 0):
 garbage-first heap   total 294912K, used 263295K [0x0000000080000000, 0x0000000100000000)
  region size 1024K, 157 young (160768K), 7 survivors (7168K)
 Metaspace       used 108791K, committed 109504K, reserved 1179648K
  class space    used 14579K, committed 14912K, reserved 1048576K
}
Event: 46.309 GC heap after
{Heap after GC invocations=73 (full 0):
 garbage-first heap   total 294912K, used 117937K [0x0000000080000000, 0x0000000100000000)
  region size 1024K, 20 young (20480K), 20 survivors (20480K)
 Metaspace       used 108791K, committed 109504K, reserved 1179648K
  class space    used 14579K, committed 14912K, reserved 1048576K
}
Event: 46.330 GC heap before
{Heap before GC invocations=73 (full 0):
 garbage-first heap   total 294912K, used 118961K [0x0000000080000000, 0x0000000100000000)
  region size 1024K, 21 young (21504K), 20 survivors (20480K)
 Metaspace       used 108893K, committed 109632K, reserved 1179648K
  class space    used 14594K, committed 14912K, reserved 1048576K
}
Event: 46.355 GC heap after
{Heap after GC invocations=74 (full 0):
 garbage-first heap   total 294912K, used 118297K [0x0000000080000000, 0x0000000100000000)
  region size 1024K, 2 young (2048K), 2 survivors (2048K)
 Metaspace       used 108893K, committed 109632K, reserved 1179648K
  class space    used 14594K, committed 14912K, reserved 1048576K
}
Event: 48.037 GC heap before
{Heap before GC invocations=74 (full 0):
 garbage-first heap   total 294912K, used 247321K [0x0000000080000000, 0x0000000100000000)
  region size 1024K, 127 young (130048K), 2 survivors (2048K)
 Metaspace       used 119219K, committed 119936K, reserved 1179648K
  class space    used 15823K, committed 16128K, reserved 1048576K
}
Event: 48.048 GC heap after
{Heap after GC invocations=75 (full 0):
 garbage-first heap   total 294912K, used 123628K [0x0000000080000000, 0x0000000100000000)
  region size 1024K, 8 young (8192K), 8 survivors (8192K)
 Metaspace       used 119219K, committed 119936K, reserved 1179648K
  class space    used 15823K, committed 16128K, reserved 1048576K
}
Event: 49.956 GC heap before
{Heap before GC invocations=76 (full 0):
 garbage-first heap   total 294912K, used 244460K [0x0000000080000000, 0x0000000100000000)
  region size 1024K, 127 young (130048K), 8 survivors (8192K)
 Metaspace       used 134999K, committed 135680K, reserved 1179648K
  class space    used 17503K, committed 17792K, reserved 1048576K
}
Event: 49.972 GC heap after
{Heap after GC invocations=77 (full 0):
 garbage-first heap   total 294912K, used 128443K [0x0000000080000000, 0x0000000100000000)
  region size 1024K, 12 young (12288K), 12 survivors (12288K)
 Metaspace       used 134999K, committed 135680K, reserved 1179648K
  class space    used 17503K, committed 17792K, reserved 1048576K
}
Event: 50.010 GC heap before
{Heap before GC invocations=77 (full 0):
 garbage-first heap   total 294912K, used 130491K [0x0000000080000000, 0x0000000100000000)
  region size 1024K, 14 young (14336K), 12 survivors (12288K)
 Metaspace       used 135294K, committed 136064K, reserved 1179648K
  class space    used 17529K, committed 17856K, reserved 1048576K
}
Event: 50.021 GC heap after
{Heap after GC invocations=78 (full 0):
 garbage-first heap   total 294912K, used 126553K [0x0000000080000000, 0x0000000100000000)
  region size 1024K, 2 young (2048K), 2 survivors (2048K)
 Metaspace       used 135294K, committed 136064K, reserved 1179648K
  class space    used 17529K, committed 17856K, reserved 1048576K
}
Event: 51.703 GC heap before
{Heap before GC invocations=78 (full 0):
 garbage-first heap   total 294912K, used 234073K [0x0000000080000000, 0x0000000100000000)
  region size 1024K, 104 young (106496K), 2 survivors (2048K)
 Metaspace       used 138997K, committed 139712K, reserved 1179648K
  class space    used 17941K, committed 18240K, reserved 1048576K
}
Event: 51.723 GC heap after
{Heap after GC invocations=79 (full 0):
 garbage-first heap   total 294912K, used 139111K [0x0000000080000000, 0x0000000100000000)
  region size 1024K, 14 young (14336K), 14 survivors (14336K)
 Metaspace       used 138997K, committed 139712K, reserved 1179648K
  class space    used 17941K, committed 18240K, reserved 1048576K
}
Event: 51.973 GC heap before
{Heap before GC invocations=79 (full 0):
 garbage-first heap   total 294912K, used 182119K [0x0000000080000000, 0x0000000100000000)
  region size 1024K, 51 young (52224K), 14 survivors (14336K)
 Metaspace       used 139040K, committed 139712K, reserved 1179648K
  class space    used 17941K, committed 18240K, reserved 1048576K
}
Event: 51.998 GC heap after
{Heap after GC invocations=80 (full 0):
 garbage-first heap   total 294912K, used 150170K [0x0000000080000000, 0x0000000100000000)
  region size 1024K, 10 young (10240K), 10 survivors (10240K)
 Metaspace       used 139040K, committed 139712K, reserved 1179648K
  class space    used 17941K, committed 18240K, reserved 1048576K
}
Event: 52.661 GC heap before
{Heap before GC invocations=81 (full 0):
 garbage-first heap   total 306176K, used 239258K [0x0000000080000000, 0x0000000100000000)
  region size 1024K, 87 young (89088K), 10 survivors (10240K)
 Metaspace       used 139524K, committed 140288K, reserved 1179648K
  class space    used 17941K, committed 18304K, reserved 1048576K
}
Event: 52.680 GC heap after
{Heap after GC invocations=82 (full 0):
 garbage-first heap   total 306176K, used 168722K [0x0000000080000000, 0x0000000100000000)
  region size 1024K, 11 young (11264K), 11 survivors (11264K)
 Metaspace       used 139524K, committed 140288K, reserved 1179648K
  class space    used 17941K, committed 18304K, reserved 1048576K
}
Event: 52.776 GC heap before
{Heap before GC invocations=82 (full 0):
 garbage-first heap   total 306176K, used 170770K [0x0000000080000000, 0x0000000100000000)
  region size 1024K, 14 young (14336K), 11 survivors (11264K)
 Metaspace       used 139648K, committed 140416K, reserved 1179648K
  class space    used 17952K, committed 18304K, reserved 1048576K
}
Event: 52.786 GC heap after
{Heap after GC invocations=83 (full 0):
 garbage-first heap   total 306176K, used 167101K [0x0000000080000000, 0x0000000100000000)
  region size 1024K, 2 young (2048K), 2 survivors (2048K)
 Metaspace       used 139648K, committed 140416K, reserved 1179648K
  class space    used 17952K, committed 18304K, reserved 1048576K
}
Event: 54.057 GC heap before
{Heap before GC invocations=83 (full 0):
 garbage-first heap   total 306176K, used 249021K [0x0000000080000000, 0x0000000100000000)
  region size 1024K, 75 young (76800K), 2 survivors (2048K)
 Metaspace       used 145377K, committed 146176K, reserved 1179648K
  class space    used 18652K, committed 19072K, reserved 1048576K
}

