# JRE version: OpenJDK Runtime Environment (17.0.11) (build 17.0.11+0--11852314)
# Java VM: OpenJDK 64-Bit Server VM (17.0.11+0--11852314, mixed mode, tiered, compressed oops, compressed class ptrs, g1 gc, windows-amd64)
GC Precious Log:
 CPUs: 4 total, 4 available
 Memory: 6020M
 Large Page Support: Disabled
 NUMA Support: Disabled
 Compressed Oops: Enabled (32-bit)
 Heap Region Size: 1M
 Heap Min Capacity: 8M
 Heap Initial Capacity: 96M
 Heap Max Capacity: 1506M
 Pre-touch: Disabled
 Parallel Workers: 4
 Concurrent Workers: 1
 Concurrent Refinement Workers: 4
 Periodic GC: Disabled
Heap:
 garbage-first heap   total 99328K, used 42741K [0x00000000a1e00000, 0x0000000100000000)
  region size 1024K, 3 young (3072K), 3 survivors (3072K)
 Metaspace       used 55403K, committed 55616K, reserved 1114112K
  class space    used 6557K, committed 6656K, reserved 1048576K
GC Heap History (20 events):
Event: 2.926 GC heap after
{Heap after GC invocations=11 (full 0):
 garbage-first heap   total 56320K, used 21506K [0x00000000a1e00000, 0x0000000100000000)
  region size 1024K, 3 young (3072K), 3 survivors (3072K)
 Metaspace       used 40095K, committed 40320K, reserved 1114112K
  class space    used 4938K, committed 5056K, reserved 1048576K
}
Event: 3.343 GC heap before
{Heap before GC invocations=12 (full 0):
 garbage-first heap   total 56320K, used 40962K [0x00000000a1e00000, 0x0000000100000000)
  region size 1024K, 22 young (22528K), 3 survivors (3072K)
 Metaspace       used 44791K, committed 45056K, reserved 1114112K
  class space    used 5486K, committed 5568K, reserved 1048576K
}
Event: 3.351 GC heap after
{Heap after GC invocations=13 (full 0):
 garbage-first heap   total 56320K, used 22878K [0x00000000a1e00000, 0x0000000100000000)
  region size 1024K, 2 young (2048K), 2 survivors (2048K)
 Metaspace       used 44791K, committed 45056K, reserved 1114112K
  class space    used 5486K, committed 5568K, reserved 1048576K
}
Event: 3.813 GC heap before
{Heap before GC invocations=13 (full 0):
 garbage-first heap   total 56320K, used 44382K [0x00000000a1e00000, 0x0000000100000000)
  region size 1024K, 21 young (21504K), 2 survivors (2048K)
 Metaspace       used 48089K, committed 48256K, reserved 1114112K
  class space    used 5870K, committed 5952K, reserved 1048576K
}
Event: 3.822 GC heap after
{Heap after GC invocations=14 (full 0):
 garbage-first heap   total 56320K, used 28280K [0x00000000a1e00000, 0x0000000100000000)
  region size 1024K, 3 young (3072K), 3 survivors (3072K)
 Metaspace       used 48089K, committed 48256K, reserved 1114112K
  class space    used 5870K, committed 5952K, reserved 1048576K
}
Event: 4.175 GC heap before
{Heap before GC invocations=14 (full 0):
 garbage-first heap   total 56320K, used 42616K [0x00000000a1e00000, 0x0000000100000000)
  region size 1024K, 17 young (17408K), 3 survivors (3072K)
 Metaspace       used 51284K, committed 51520K, reserved 1114112K
  class space    used 6221K, committed 6336K, reserved 1048576K
}
Event: 4.187 GC heap after
{Heap after GC invocations=15 (full 0):
 garbage-first heap   total 56320K, used 30440K [0x00000000a1e00000, 0x0000000100000000)
  region size 1024K, 2 young (2048K), 2 survivors (2048K)
 Metaspace       used 51284K, committed 51520K, reserved 1114112K
  class space    used 6221K, committed 6336K, reserved 1048576K
}
Event: 4.648 GC heap before
{Heap before GC invocations=16 (full 0):
 garbage-first heap   total 56320K, used 43752K [0x00000000a1e00000, 0x0000000100000000)
  region size 1024K, 15 young (15360K), 2 survivors (2048K)
 Metaspace       used 52265K, committed 52480K, reserved 1114112K
  class space    used 6282K, committed 6400K, reserved 1048576K
}
Event: 4.661 GC heap after
{Heap after GC invocations=17 (full 0):
 garbage-first heap   total 56320K, used 32672K [0x00000000a1e00000, 0x0000000100000000)
  region size 1024K, 2 young (2048K), 2 survivors (2048K)
 Metaspace       used 52265K, committed 52480K, reserved 1114112K
  class space    used 6282K, committed 6400K, reserved 1048576K
}
Event: 4.701 GC heap before
{Heap before GC invocations=17 (full 0):
 garbage-first heap   total 56320K, used 33696K [0x00000000a1e00000, 0x0000000100000000)
  region size 1024K, 3 young (3072K), 2 survivors (2048K)
 Metaspace       used 52297K, committed 52544K, reserved 1114112K
  class space    used 6283K, committed 6400K, reserved 1048576K
}
Event: 4.708 GC heap after
{Heap after GC invocations=18 (full 0):
 garbage-first heap   total 69632K, used 32280K [0x00000000a1e00000, 0x0000000100000000)
  region size 1024K, 1 young (1024K), 1 survivors (1024K)
 Metaspace       used 52297K, committed 52544K, reserved 1114112K
  class space    used 6283K, committed 6400K, reserved 1048576K
}
Event: 4.716 GC heap before
{Heap before GC invocations=18 (full 0):
 garbage-first heap   total 69632K, used 32280K [0x00000000a1e00000, 0x0000000100000000)
  region size 1024K, 2 young (2048K), 1 survivors (1024K)
 Metaspace       used 52310K, committed 52544K, reserved 1114112K
  class space    used 6283K, committed 6400K, reserved 1048576K
}
Event: 4.718 GC heap after
{Heap after GC invocations=19 (full 0):
 garbage-first heap   total 69632K, used 32417K [0x00000000a1e00000, 0x0000000100000000)
  region size 1024K, 1 young (1024K), 1 survivors (1024K)
 Metaspace       used 52310K, committed 52544K, reserved 1114112K
  class space    used 6283K, committed 6400K, reserved 1048576K
}
Event: 4.830 GC heap before
{Heap before GC invocations=20 (full 0):
 garbage-first heap   total 80896K, used 50849K [0x00000000a1e00000, 0x0000000100000000)
  region size 1024K, 19 young (19456K), 1 survivors (1024K)
 Metaspace       used 52394K, committed 52608K, reserved 1114112K
  class space    used 6283K, committed 6400K, reserved 1048576K
}
Event: 4.833 GC heap after
{Heap after GC invocations=21 (full 0):
 garbage-first heap   total 80896K, used 33042K [0x00000000a1e00000, 0x0000000100000000)
  region size 1024K, 2 young (2048K), 2 survivors (2048K)
 Metaspace       used 52394K, committed 52608K, reserved 1114112K
  class space    used 6283K, committed 6400K, reserved 1048576K
}
Event: 5.386 GC heap before
{Heap before GC invocations=21 (full 0):
 garbage-first heap   total 80896K, used 58642K [0x00000000a1e00000, 0x0000000100000000)
  region size 1024K, 27 young (27648K), 2 survivors (2048K)
 Metaspace       used 53163K, committed 53376K, reserved 1114112K
  class space    used 6328K, committed 6400K, reserved 1048576K
}
Event: 5.401 GC heap after
{Heap after GC invocations=22 (full 0):
 garbage-first heap   total 80896K, used 37044K [0x00000000a1e00000, 0x0000000100000000)
  region size 1024K, 4 young (4096K), 4 survivors (4096K)
 Metaspace       used 53163K, committed 53376K, reserved 1114112K
  class space    used 6328K, committed 6400K, reserved 1048576K
}
Event: 5.832 GC heap before
{Heap before GC invocations=22 (full 0):
 garbage-first heap   total 80896K, used 59572K [0x00000000a1e00000, 0x0000000100000000)
  region size 1024K, 27 young (27648K), 4 survivors (4096K)
 Metaspace       used 54496K, committed 54784K, reserved 1114112K
  class space    used 6465K, committed 6592K, reserved 1048576K
}
Event: 5.849 GC heap after
{Heap after GC invocations=23 (full 0):
 garbage-first heap   total 80896K, used 40155K [0x00000000a1e00000, 0x0000000100000000)
  region size 1024K, 3 young (3072K), 3 survivors (3072K)
 Metaspace       used 54496K, committed 54784K, reserved 1114112K
  class space    used 6465K, committed 6592K, reserved 1048576K
}
Event: 6.268 GC heap before
{Heap before GC invocations=23 (full 0):
 garbage-first heap   total 80896K, used 61659K [0x00000000a1e00000, 0x0000000100000000)
  region size 1024K, 24 young (24576K), 3 survivors (3072K)
 Metaspace       used 55403K, committed 55616K, reserved 1114112K
  class space    used 6557K, committed 6656K, reserved 1048576K
}

