# JRE version: OpenJDK Runtime Environment (17.0.11) (build 17.0.11+0--11852314)
# Java VM: OpenJDK 64-Bit Server VM (17.0.11+0--11852314, mixed mode, tiered, compressed oops, compressed class ptrs, g1 gc, windows-amd64)
GC Precious Log:
 CPUs: 4 total, 4 available
 Memory: 6020M
 Large Page Support: Disabled
 NUMA Support: Disabled
 Compressed Oops: Enabled (32-bit)
 Heap Region Size: 1M
 Heap Min Capacity: 8M
 Heap Initial Capacity: 96M
 Heap Max Capacity: 2G
 Pre-touch: Disabled
 Parallel Workers: 4
 Concurrent Workers: 1
 Concurrent Refinement Workers: 4
 Periodic GC: Disabled
Heap:
 garbage-first heap   total 121856K, used 77543K [0x0000000080000000, 0x0000000100000000)
  region size 1024K, 12 young (12288K), 2 survivors (2048K)
 Metaspace       used 52843K, committed 53312K, reserved 1114112K
  class space    used 7034K, committed 7232K, reserved 1048576K
GC Heap History (20 events):
Event: 7.718 GC heap before
{Heap before GC invocations=9 (full 0):
 garbage-first heap   total 70656K, used 52260K [0x0000000080000000, 0x0000000100000000)
  region size 1024K, 18 young (18432K), 4 survivors (4096K)
 Metaspace       used 33635K, committed 34048K, reserved 1114112K
  class space    used 4606K, committed 4800K, reserved 1048576K
}
Event: 7.721 GC heap after
{Heap after GC invocations=10 (full 0):
 garbage-first heap   total 70656K, used 39453K [0x0000000080000000, 0x0000000100000000)
  region size 1024K, 1 young (1024K), 1 survivors (1024K)
 Metaspace       used 33635K, committed 34048K, reserved 1114112K
  class space    used 4606K, committed 4800K, reserved 1048576K
}
Event: 8.004 GC heap before
{Heap before GC invocations=10 (full 0):
 garbage-first heap   total 70656K, used 55837K [0x0000000080000000, 0x0000000100000000)
  region size 1024K, 17 young (17408K), 1 survivors (1024K)
 Metaspace       used 35532K, committed 35904K, reserved 1114112K
  class space    used 4926K, committed 5120K, reserved 1048576K
}
Event: 8.007 GC heap after
{Heap after GC invocations=11 (full 0):
 garbage-first heap   total 70656K, used 40133K [0x0000000080000000, 0x0000000100000000)
  region size 1024K, 2 young (2048K), 2 survivors (2048K)
 Metaspace       used 35532K, committed 35904K, reserved 1114112K
  class space    used 4926K, committed 5120K, reserved 1048576K
}
Event: 8.297 GC heap before
{Heap before GC invocations=12 (full 0):
 garbage-first heap   total 73728K, used 56517K [0x0000000080000000, 0x0000000100000000)
  region size 1024K, 18 young (18432K), 2 survivors (2048K)
 Metaspace       used 37920K, committed 38336K, reserved 1114112K
  class space    used 5310K, committed 5504K, reserved 1048576K
}
Event: 8.300 GC heap after
{Heap after GC invocations=13 (full 0):
 garbage-first heap   total 73728K, used 40933K [0x0000000080000000, 0x0000000100000000)
  region size 1024K, 3 young (3072K), 3 survivors (3072K)
 Metaspace       used 37920K, committed 38336K, reserved 1114112K
  class space    used 5310K, committed 5504K, reserved 1048576K
}
Event: 8.648 GC heap before
{Heap before GC invocations=13 (full 0):
 garbage-first heap   total 73728K, used 57317K [0x0000000080000000, 0x0000000100000000)
  region size 1024K, 20 young (20480K), 3 survivors (3072K)
 Metaspace       used 41602K, committed 41984K, reserved 1114112K
  class space    used 5700K, committed 5888K, reserved 1048576K
}
Event: 8.654 GC heap after
{Heap after GC invocations=14 (full 0):
 garbage-first heap   total 73728K, used 42670K [0x0000000080000000, 0x0000000100000000)
  region size 1024K, 3 young (3072K), 3 survivors (3072K)
 Metaspace       used 41602K, committed 41984K, reserved 1114112K
  class space    used 5700K, committed 5888K, reserved 1048576K
}
Event: 8.955 GC heap before
{Heap before GC invocations=15 (full 0):
 garbage-first heap   total 75776K, used 58030K [0x0000000080000000, 0x0000000100000000)
  region size 1024K, 19 young (19456K), 3 survivors (3072K)
 Metaspace       used 44522K, committed 44928K, reserved 1114112K
  class space    used 6028K, committed 6208K, reserved 1048576K
}
Event: 8.962 GC heap after
{Heap after GC invocations=16 (full 0):
 garbage-first heap   total 75776K, used 45182K [0x0000000080000000, 0x0000000100000000)
  region size 1024K, 3 young (3072K), 3 survivors (3072K)
 Metaspace       used 44522K, committed 44928K, reserved 1114112K
  class space    used 6028K, committed 6208K, reserved 1048576K
}
Event: 9.057 GC heap before
{Heap before GC invocations=16 (full 0):
 garbage-first heap   total 75776K, used 60542K [0x0000000080000000, 0x0000000100000000)
  region size 1024K, 18 young (18432K), 3 survivors (3072K)
 Metaspace       used 44652K, committed 45120K, reserved 1114112K
  class space    used 6039K, committed 6272K, reserved 1048576K
}
Event: 9.061 GC heap after
{Heap after GC invocations=17 (full 0):
 garbage-first heap   total 91136K, used 45869K [0x0000000080000000, 0x0000000100000000)
  region size 1024K, 2 young (2048K), 2 survivors (2048K)
 Metaspace       used 44652K, committed 45120K, reserved 1114112K
  class space    used 6039K, committed 6272K, reserved 1048576K
}
Event: 9.628 GC heap before
{Heap before GC invocations=18 (full 0):
 garbage-first heap   total 91136K, used 75565K [0x0000000080000000, 0x0000000100000000)
  region size 1024K, 27 young (27648K), 2 survivors (2048K)
 Metaspace       used 48342K, committed 48768K, reserved 1114112K
  class space    used 6457K, committed 6656K, reserved 1048576K
}
Event: 9.633 GC heap after
{Heap after GC invocations=19 (full 0):
 garbage-first heap   total 91136K, used 47902K [0x0000000080000000, 0x0000000100000000)
  region size 1024K, 4 young (4096K), 4 survivors (4096K)
 Metaspace       used 48342K, committed 48768K, reserved 1114112K
  class space    used 6457K, committed 6656K, reserved 1048576K
}
Event: 11.124 GC heap before
{Heap before GC invocations=19 (full 0):
 garbage-first heap   total 91136K, used 71454K [0x0000000080000000, 0x0000000100000000)
  region size 1024K, 28 young (28672K), 4 survivors (4096K)
 Metaspace       used 50703K, committed 51136K, reserved 1114112K
  class space    used 6842K, committed 7040K, reserved 1048576K
}
Event: 11.131 GC heap after
{Heap after GC invocations=20 (full 0):
 garbage-first heap   total 91136K, used 49908K [0x0000000080000000, 0x0000000100000000)
  region size 1024K, 4 young (4096K), 4 survivors (4096K)
 Metaspace       used 50703K, committed 51136K, reserved 1114112K
  class space    used 6842K, committed 7040K, reserved 1048576K
}
Event: 11.317 GC heap before
{Heap before GC invocations=21 (full 0):
 garbage-first heap   total 101376K, used 63220K [0x0000000080000000, 0x0000000100000000)
  region size 1024K, 11 young (11264K), 4 survivors (4096K)
 Metaspace       used 50964K, committed 51456K, reserved 1114112K
  class space    used 6889K, committed 7104K, reserved 1048576K
}
Event: 11.325 GC heap after
{Heap after GC invocations=22 (full 0):
 garbage-first heap   total 101376K, used 60426K [0x0000000080000000, 0x0000000100000000)
  region size 1024K, 4 young (4096K), 4 survivors (4096K)
 Metaspace       used 50964K, committed 51456K, reserved 1114112K
  class space    used 6889K, committed 7104K, reserved 1048576K
}
Event: 11.439 GC heap before
{Heap before GC invocations=23 (full 0):
 garbage-first heap   total 114688K, used 69642K [0x0000000080000000, 0x0000000100000000)
  region size 1024K, 10 young (10240K), 4 survivors (4096K)
 Metaspace       used 51315K, committed 51776K, reserved 1114112K
  class space    used 6914K, committed 7104K, reserved 1048576K
}
Event: 11.443 GC heap after
{Heap after GC invocations=24 (full 0):
 garbage-first heap   total 114688K, used 67303K [0x0000000080000000, 0x0000000100000000)
  region size 1024K, 2 young (2048K), 2 survivors (2048K)
 Metaspace       used 51315K, committed 51776K, reserved 1114112K
  class space    used 6914K, committed 7104K, reserved 1048576K
}

