# JRE version: OpenJDK Runtime Environment (17.0.11) (build 17.0.11+0--11852314)
# Java VM: OpenJDK 64-Bit Server VM (17.0.11+0--11852314, mixed mode, tiered, compressed oops, compressed class ptrs, g1 gc, windows-amd64)
GC Precious Log:
 CPUs: 4 total, 4 available
 Memory: 6020M
 Large Page Support: Disabled
 NUMA Support: Disabled
 Compressed Oops: Enabled (32-bit)
 Heap Region Size: 1M
 Heap Min Capacity: 8M
 Heap Initial Capacity: 96M
 Heap Max Capacity: 1506M
 Pre-touch: Disabled
 Parallel Workers: 4
 Concurrent Workers: 1
 Concurrent Refinement Workers: 4
 Periodic GC: Disabled
Heap:
 garbage-first heap   total 98304K, used 41447K [0x00000000a1e00000, 0x0000000100000000)
  region size 1024K, 3 young (3072K), 3 survivors (3072K)
 Metaspace       used 54900K, committed 55168K, reserved 1114112K
  class space    used 6509K, committed 6592K, reserved 1048576K
GC Heap History (20 events):
Event: 3.873 GC heap after
{Heap after GC invocations=9 (full 0):
 garbage-first heap   total 60416K, used 19403K [0x00000000a1e00000, 0x0000000100000000)
  region size 1024K, 3 young (3072K), 3 survivors (3072K)
 Metaspace       used 35920K, committed 36096K, reserved 1114112K
  class space    used 4565K, committed 4672K, reserved 1048576K
}
Event: 4.348 GC heap before
{Heap before GC invocations=10 (full 0):
 garbage-first heap   total 60416K, used 42955K [0x00000000a1e00000, 0x0000000100000000)
  region size 1024K, 27 young (27648K), 3 survivors (3072K)
 Metaspace       used 40795K, committed 41024K, reserved 1114112K
  class space    used 5021K, committed 5120K, reserved 1048576K
}
Event: 4.356 GC heap after
{Heap after GC invocations=11 (full 0):
 garbage-first heap   total 60416K, used 22095K [0x00000000a1e00000, 0x0000000100000000)
  region size 1024K, 4 young (4096K), 4 survivors (4096K)
 Metaspace       used 40795K, committed 41024K, reserved 1114112K
  class space    used 5021K, committed 5120K, reserved 1048576K
}
Event: 4.900 GC heap before
{Heap before GC invocations=11 (full 0):
 garbage-first heap   total 60416K, used 44623K [0x00000000a1e00000, 0x0000000100000000)
  region size 1024K, 26 young (26624K), 4 survivors (4096K)
 Metaspace       used 46434K, committed 46656K, reserved 1114112K
  class space    used 5701K, committed 5760K, reserved 1048576K
}
Event: 4.911 GC heap after
{Heap after GC invocations=12 (full 0):
 garbage-first heap   total 60416K, used 24502K [0x00000000a1e00000, 0x0000000100000000)
  region size 1024K, 3 young (3072K), 3 survivors (3072K)
 Metaspace       used 46434K, committed 46656K, reserved 1114112K
  class space    used 5701K, committed 5760K, reserved 1048576K
}
Event: 5.363 GC heap before
{Heap before GC invocations=12 (full 0):
 garbage-first heap   total 60416K, used 47030K [0x00000000a1e00000, 0x0000000100000000)
  region size 1024K, 23 young (23552K), 3 survivors (3072K)
 Metaspace       used 49923K, committed 50176K, reserved 1114112K
  class space    used 6088K, committed 6208K, reserved 1048576K
}
Event: 5.375 GC heap after
{Heap after GC invocations=13 (full 0):
 garbage-first heap   total 60416K, used 30380K [0x00000000a1e00000, 0x0000000100000000)
  region size 1024K, 3 young (3072K), 3 survivors (3072K)
 Metaspace       used 49923K, committed 50176K, reserved 1114112K
  class space    used 6088K, committed 6208K, reserved 1048576K
}
Event: 5.874 GC heap before
{Heap before GC invocations=13 (full 0):
 garbage-first heap   total 60416K, used 46764K [0x00000000a1e00000, 0x0000000100000000)
  region size 1024K, 19 young (19456K), 3 survivors (3072K)
 Metaspace       used 52129K, committed 52352K, reserved 1114112K
  class space    used 6270K, committed 6336K, reserved 1048576K
}
Event: 5.888 GC heap after
{Heap after GC invocations=14 (full 0):
 garbage-first heap   total 72704K, used 33328K [0x00000000a1e00000, 0x0000000100000000)
  region size 1024K, 3 young (3072K), 3 survivors (3072K)
 Metaspace       used 52129K, committed 52352K, reserved 1114112K
  class space    used 6270K, committed 6336K, reserved 1048576K
}
Event: 6.242 GC heap before
{Heap before GC invocations=15 (full 0):
 garbage-first heap   total 72704K, used 54832K [0x00000000a1e00000, 0x0000000100000000)
  region size 1024K, 24 young (24576K), 3 survivors (3072K)
 Metaspace       used 52335K, committed 52608K, reserved 1114112K
  class space    used 6280K, committed 6400K, reserved 1048576K
}
Event: 6.252 GC heap after
{Heap after GC invocations=16 (full 0):
 garbage-first heap   total 72704K, used 34814K [0x00000000a1e00000, 0x0000000100000000)
  region size 1024K, 2 young (2048K), 2 survivors (2048K)
 Metaspace       used 52335K, committed 52608K, reserved 1114112K
  class space    used 6280K, committed 6400K, reserved 1048576K
}
Event: 6.258 GC heap before
{Heap before GC invocations=16 (full 0):
 garbage-first heap   total 72704K, used 35838K [0x00000000a1e00000, 0x0000000100000000)
  region size 1024K, 3 young (3072K), 2 survivors (2048K)
 Metaspace       used 52339K, committed 52608K, reserved 1114112K
  class space    used 6280K, committed 6400K, reserved 1048576K
}
Event: 6.264 GC heap after
{Heap after GC invocations=17 (full 0):
 garbage-first heap   total 72704K, used 33864K [0x00000000a1e00000, 0x0000000100000000)
  region size 1024K, 1 young (1024K), 1 survivors (1024K)
 Metaspace       used 52339K, committed 52608K, reserved 1114112K
  class space    used 6280K, committed 6400K, reserved 1048576K
}
Event: 8.130 GC heap before
{Heap before GC invocations=17 (full 0):
 garbage-first heap   total 72704K, used 55368K [0x00000000a1e00000, 0x0000000100000000)
  region size 1024K, 22 young (22528K), 1 survivors (1024K)
 Metaspace       used 52877K, committed 53056K, reserved 1114112K
  class space    used 6302K, committed 6400K, reserved 1048576K
}
Event: 8.146 GC heap after
{Heap after GC invocations=18 (full 0):
 garbage-first heap   total 72704K, used 37084K [0x00000000a1e00000, 0x0000000100000000)
  region size 1024K, 3 young (3072K), 3 survivors (3072K)
 Metaspace       used 52877K, committed 53056K, reserved 1114112K
  class space    used 6302K, committed 6400K, reserved 1048576K
}
Event: 9.319 GC heap before
{Heap before GC invocations=19 (full 0):
 garbage-first heap   total 72704K, used 55516K [0x00000000a1e00000, 0x0000000100000000)
  region size 1024K, 21 young (21504K), 3 survivors (3072K)
 Metaspace       used 54368K, committed 54656K, reserved 1114112K
  class space    used 6460K, committed 6592K, reserved 1048576K
}
Event: 9.334 GC heap after
{Heap after GC invocations=20 (full 0):
 garbage-first heap   total 72704K, used 39891K [0x00000000a1e00000, 0x0000000100000000)
  region size 1024K, 3 young (3072K), 3 survivors (3072K)
 Metaspace       used 54368K, committed 54656K, reserved 1114112K
  class space    used 6460K, committed 6592K, reserved 1048576K
}
Event: 9.339 GC heap before
{Heap before GC invocations=20 (full 0):
 garbage-first heap   total 72704K, used 40915K [0x00000000a1e00000, 0x0000000100000000)
  region size 1024K, 4 young (4096K), 3 survivors (3072K)
 Metaspace       used 54368K, committed 54656K, reserved 1114112K
  class space    used 6460K, committed 6592K, reserved 1048576K
}
Event: 9.351 GC heap after
{Heap after GC invocations=21 (full 0):
 garbage-first heap   total 72704K, used 39317K [0x00000000a1e00000, 0x0000000100000000)
  region size 1024K, 1 young (1024K), 1 survivors (1024K)
 Metaspace       used 54368K, committed 54656K, reserved 1114112K
  class space    used 6460K, committed 6592K, reserved 1048576K
}
Event: 9.927 GC heap before
{Heap before GC invocations=21 (full 0):
 garbage-first heap   total 72704K, used 56725K [0x00000000a1e00000, 0x0000000100000000)
  region size 1024K, 18 young (18432K), 1 survivors (1024K)
 Metaspace       used 54900K, committed 55168K, reserved 1114112K
  class space    used 6509K, committed 6592K, reserved 1048576K
}

